[2013-11-19 03:04:28,468 UTC] [tuf.libtuf] [INFO][create_new_repository:1757@libtuf.py] Creating '/home/tlj/TUF_3_3/repository/metadata.staged'
[2013-11-19 03:04:28,468 UTC] [tuf.libtuf] [INFO][create_new_repository:1768@libtuf.py] Creating '/home/tlj/TUF_3_3/repository/targets'
[2013-11-19 03:04:28,480 UTC] [tuf.libtuf] [INFO][sign_metadata:2664@libtuf.py] Signing '/tmp/tmpa6VTU8/metadata.staged/root.txt' with d9df1cc77a5585927b441be02dcce130a20a0170c54026e543058406ccf74842
[2013-11-19 03:04:28,977 UTC] [tuf.libtuf] [INFO][sign_metadata:2664@libtuf.py] Signing '/tmp/tmpa6VTU8/metadata.staged/root.txt' with 9820e53e391c952cb0c1b595a0b15c35c5c35a93bbb688a85a6ae8971c0dc226
[2013-11-19 03:04:29,248 UTC] [tuf.libtuf] [INFO][write_metadata_file:2745@libtuf.py] No compression for /tmp/tmpa6VTU8/metadata.staged/root.txt
[2013-11-19 03:04:29,249 UTC] [tuf.libtuf] [INFO][write_metadata_file:2758@libtuf.py] Writing to /tmp/tmpa6VTU8/metadata.staged/root.txt
[2013-11-19 03:04:29,250 UTC] [tuf.libtuf] [INFO][sign_metadata:2664@libtuf.py] Signing '/home/tlj/TUF_3_3/repository/metadata.staged/root.txt' with d9df1cc77a5585927b441be02dcce130a20a0170c54026e543058406ccf74842
[2013-11-19 03:04:29,748 UTC] [tuf.libtuf] [INFO][sign_metadata:2664@libtuf.py] Signing '/home/tlj/TUF_3_3/repository/metadata.staged/root.txt' with 9820e53e391c952cb0c1b595a0b15c35c5c35a93bbb688a85a6ae8971c0dc226
[2013-11-19 03:04:30,020 UTC] [tuf.libtuf] [INFO][write_metadata_file:2745@libtuf.py] No compression for /home/tlj/TUF_3_3/repository/metadata.staged/root.txt
[2013-11-19 03:04:30,020 UTC] [tuf.libtuf] [INFO][write_metadata_file:2758@libtuf.py] Writing to /home/tlj/TUF_3_3/repository/metadata.staged/root.txt
[2013-11-19 03:06:36,268 UTC] [tuf.libtuf] [INFO][sign_metadata:2664@libtuf.py] Signing '/home/tlj/TUF_3_3/repository/metadata.staged/root.txt' with d9df1cc77a5585927b441be02dcce130a20a0170c54026e543058406ccf74842
[2013-11-19 03:06:36,766 UTC] [tuf.libtuf] [INFO][sign_metadata:2664@libtuf.py] Signing '/home/tlj/TUF_3_3/repository/metadata.staged/root.txt' with 9820e53e391c952cb0c1b595a0b15c35c5c35a93bbb688a85a6ae8971c0dc226
[2013-11-19 03:06:37,043 UTC] [tuf.libtuf] [INFO][write_metadata_file:2745@libtuf.py] No compression for /home/tlj/TUF_3_3/repository/metadata.staged/root.txt
[2013-11-19 03:06:37,043 UTC] [tuf.libtuf] [INFO][write_metadata_file:2758@libtuf.py] Writing to /home/tlj/TUF_3_3/repository/metadata.staged/root.txt
[2013-11-19 03:06:37,044 UTC] [tuf.libtuf] [INFO][sign_metadata:2664@libtuf.py] Signing '/home/tlj/TUF_3_3/repository/metadata.staged/targets.txt' with 33bbcd30a322cbe740d458c1fd5dcbd920cc9f9e5d303666a01623a17eba6cc2
[2013-11-19 03:06:37,298 UTC] [tuf.libtuf] [INFO][write_metadata_file:2745@libtuf.py] No compression for /home/tlj/TUF_3_3/repository/metadata.staged/targets.txt
[2013-11-19 03:06:37,298 UTC] [tuf.libtuf] [INFO][write_metadata_file:2758@libtuf.py] Writing to /home/tlj/TUF_3_3/repository/metadata.staged/targets.txt
[2013-11-19 03:06:37,299 UTC] [tuf.libtuf] [INFO][write_metadata_file:2749@libtuf.py] gzip compression for /home/tlj/TUF_3_3/repository/metadata.staged/targets.txt
[2013-11-19 03:06:37,299 UTC] [tuf.libtuf] [INFO][write_metadata_file:2758@libtuf.py] Writing to /home/tlj/TUF_3_3/repository/metadata.staged/targets.txt.gz
[2013-11-19 03:06:37,300 UTC] [tuf.libtuf] [INFO][sign_metadata:2664@libtuf.py] Signing '/home/tlj/TUF_3_3/repository/metadata.staged/release.txt' with a12fa3db3d59fd8a116a5fc1a1e08dce50e47719e944e351c0ab5fde676cbb62
[2013-11-19 03:06:37,553 UTC] [tuf.libtuf] [INFO][write_metadata_file:2745@libtuf.py] No compression for /home/tlj/TUF_3_3/repository/metadata.staged/release.txt
[2013-11-19 03:06:37,553 UTC] [tuf.libtuf] [INFO][write_metadata_file:2758@libtuf.py] Writing to /home/tlj/TUF_3_3/repository/metadata.staged/release.txt
[2013-11-19 03:06:37,554 UTC] [tuf.libtuf] [INFO][write_metadata_file:2749@libtuf.py] gzip compression for /home/tlj/TUF_3_3/repository/metadata.staged/release.txt
[2013-11-19 03:06:37,554 UTC] [tuf.libtuf] [INFO][write_metadata_file:2758@libtuf.py] Writing to /home/tlj/TUF_3_3/repository/metadata.staged/release.txt.gz
[2013-11-19 03:06:37,555 UTC] [tuf.libtuf] [WARNING][generate_timestamp_metadata:2599@libtuf.py] Could not get fileinfo about /home/tlj/TUF_3_3/repository/metadata.staged/release.txt.
[2013-11-19 03:06:37,555 UTC] [tuf.libtuf] [INFO][generate_timestamp_metadata:2602@libtuf.py] Including fileinfo about /home/tlj/TUF_3_3/repository/metadata.staged/release.txt.gz
[2013-11-19 03:06:37,555 UTC] [tuf.libtuf] [INFO][sign_metadata:2664@libtuf.py] Signing '/home/tlj/TUF_3_3/repository/metadata.staged/timestamp.txt' with 0c5389d1c6c87f348bb162fb8db87d5475effe14fa14ca5dac01e6d0809bdbf8
[2013-11-19 03:06:37,809 UTC] [tuf.libtuf] [INFO][write_metadata_file:2745@libtuf.py] No compression for /home/tlj/TUF_3_3/repository/metadata.staged/timestamp.txt
[2013-11-19 03:06:37,809 UTC] [tuf.libtuf] [INFO][write_metadata_file:2758@libtuf.py] Writing to /home/tlj/TUF_3_3/repository/metadata.staged/timestamp.txt
[2013-11-19 03:07:51,109 UTC] [tuf.util] [DEBUG][load_json_file:575@util.py] open(/home/tlj/TUF_3_3/repository/metadata.staged/root.txt)
[2013-11-19 03:07:51,112 UTC] [tuf.util] [DEBUG][load_json_file:575@util.py] open(/home/tlj/TUF_3_3/repository/metadata.staged/targets.txt)
[2013-11-19 03:07:51,113 UTC] [tuf.util] [DEBUG][load_json_file:575@util.py] open(/home/tlj/TUF_3_3/repository/metadata.staged/release.txt)
[2013-11-19 03:07:51,114 UTC] [tuf.util] [DEBUG][load_json_file:575@util.py] open(/home/tlj/TUF_3_3/repository/metadata.staged/timestamp.txt)
[2013-11-19 03:08:21,897 UTC] [tuf.libtuf] [INFO][sign_metadata:2664@libtuf.py] Signing '/home/tlj/TUF_3_3/repository/metadata.staged/root.txt' with d9df1cc77a5585927b441be02dcce130a20a0170c54026e543058406ccf74842
[2013-11-19 03:08:22,397 UTC] [tuf.libtuf] [INFO][sign_metadata:2664@libtuf.py] Signing '/home/tlj/TUF_3_3/repository/metadata.staged/root.txt' with 9820e53e391c952cb0c1b595a0b15c35c5c35a93bbb688a85a6ae8971c0dc226
[2013-11-19 03:08:22,699 UTC] [tuf.libtuf] [INFO][write_metadata_file:2745@libtuf.py] No compression for /home/tlj/TUF_3_3/repository/metadata.staged/root.txt
[2013-11-19 03:08:22,700 UTC] [tuf.libtuf] [INFO][write_metadata_file:2758@libtuf.py] Writing to /home/tlj/TUF_3_3/repository/metadata.staged/root.txt
[2013-11-19 03:08:22,701 UTC] [tuf.libtuf] [INFO][sign_metadata:2664@libtuf.py] Signing '/home/tlj/TUF_3_3/repository/metadata.staged/targets.txt' with 33bbcd30a322cbe740d458c1fd5dcbd920cc9f9e5d303666a01623a17eba6cc2
[2013-11-19 03:08:22,965 UTC] [tuf.libtuf] [INFO][write_metadata_file:2745@libtuf.py] No compression for /home/tlj/TUF_3_3/repository/metadata.staged/targets.txt
[2013-11-19 03:08:22,966 UTC] [tuf.libtuf] [INFO][write_metadata_file:2758@libtuf.py] Writing to /home/tlj/TUF_3_3/repository/metadata.staged/targets.txt
[2013-11-19 03:08:22,966 UTC] [tuf.libtuf] [INFO][write_metadata_file:2749@libtuf.py] gzip compression for /home/tlj/TUF_3_3/repository/metadata.staged/targets.txt
[2013-11-19 03:08:22,966 UTC] [tuf.libtuf] [INFO][write_metadata_file:2758@libtuf.py] Writing to /home/tlj/TUF_3_3/repository/metadata.staged/targets.txt.gz
[2013-11-19 03:08:22,967 UTC] [tuf.libtuf] [INFO][sign_metadata:2664@libtuf.py] Signing '/home/tlj/TUF_3_3/repository/metadata.staged/release.txt' with a12fa3db3d59fd8a116a5fc1a1e08dce50e47719e944e351c0ab5fde676cbb62
[2013-11-19 03:08:23,232 UTC] [tuf.libtuf] [INFO][write_metadata_file:2745@libtuf.py] No compression for /home/tlj/TUF_3_3/repository/metadata.staged/release.txt
[2013-11-19 03:08:23,232 UTC] [tuf.libtuf] [INFO][write_metadata_file:2758@libtuf.py] Writing to /home/tlj/TUF_3_3/repository/metadata.staged/release.txt
[2013-11-19 03:08:23,236 UTC] [tuf.libtuf] [INFO][write_metadata_file:2749@libtuf.py] gzip compression for /home/tlj/TUF_3_3/repository/metadata.staged/release.txt
[2013-11-19 03:08:23,237 UTC] [tuf.libtuf] [INFO][write_metadata_file:2758@libtuf.py] Writing to /home/tlj/TUF_3_3/repository/metadata.staged/release.txt.gz
[2013-11-19 03:08:23,239 UTC] [tuf.libtuf] [WARNING][generate_timestamp_metadata:2599@libtuf.py] Could not get fileinfo about /home/tlj/TUF_3_3/repository/metadata.staged/release.txt.
[2013-11-19 03:08:23,239 UTC] [tuf.libtuf] [INFO][generate_timestamp_metadata:2602@libtuf.py] Including fileinfo about /home/tlj/TUF_3_3/repository/metadata.staged/release.txt.gz
[2013-11-19 03:08:23,240 UTC] [tuf.libtuf] [INFO][sign_metadata:2664@libtuf.py] Signing '/home/tlj/TUF_3_3/repository/metadata.staged/timestamp.txt' with 0c5389d1c6c87f348bb162fb8db87d5475effe14fa14ca5dac01e6d0809bdbf8
[2013-11-19 03:08:23,506 UTC] [tuf.libtuf] [INFO][write_metadata_file:2745@libtuf.py] No compression for /home/tlj/TUF_3_3/repository/metadata.staged/timestamp.txt
[2013-11-19 03:08:23,506 UTC] [tuf.libtuf] [INFO][write_metadata_file:2758@libtuf.py] Writing to /home/tlj/TUF_3_3/repository/metadata.staged/timestamp.txt
[2013-11-19 03:15:19,193 UTC] [tuf.util] [DEBUG][load_json_file:575@util.py] open(/home/tlj/TUF_3_3/repository/metadata.staged/root.txt)
[2013-11-19 03:15:19,197 UTC] [tuf.util] [DEBUG][load_json_file:575@util.py] open(/home/tlj/TUF_3_3/repository/metadata.staged/targets.txt)
[2013-11-19 03:15:19,198 UTC] [tuf.util] [DEBUG][load_json_file:575@util.py] open(/home/tlj/TUF_3_3/repository/metadata.staged/release.txt)
[2013-11-19 03:15:19,199 UTC] [tuf.util] [DEBUG][load_json_file:575@util.py] open(/home/tlj/TUF_3_3/repository/metadata.staged/timestamp.txt)
[2013-11-19 03:15:49,313 UTC] [tuf.libtuf] [INFO][sign_metadata:2664@libtuf.py] Signing '/home/tlj/TUF_3_3/repository/metadata.staged/root.txt' with d9df1cc77a5585927b441be02dcce130a20a0170c54026e543058406ccf74842
[2013-11-19 03:15:49,810 UTC] [tuf.libtuf] [INFO][sign_metadata:2664@libtuf.py] Signing '/home/tlj/TUF_3_3/repository/metadata.staged/root.txt' with 9820e53e391c952cb0c1b595a0b15c35c5c35a93bbb688a85a6ae8971c0dc226
[2013-11-19 03:15:50,143 UTC] [tuf.libtuf] [INFO][write_metadata_file:2745@libtuf.py] No compression for /home/tlj/TUF_3_3/repository/metadata.staged/root.txt
[2013-11-19 03:15:50,143 UTC] [tuf.libtuf] [INFO][write_metadata_file:2758@libtuf.py] Writing to /home/tlj/TUF_3_3/repository/metadata.staged/root.txt
[2013-11-19 03:15:50,451 UTC] [tuf.libtuf] [INFO][sign_metadata:2664@libtuf.py] Signing '/home/tlj/TUF_3_3/repository/metadata.staged/targets.txt' with 33bbcd30a322cbe740d458c1fd5dcbd920cc9f9e5d303666a01623a17eba6cc2
[2013-11-19 03:15:50,722 UTC] [tuf.libtuf] [INFO][write_metadata_file:2745@libtuf.py] No compression for /home/tlj/TUF_3_3/repository/metadata.staged/targets.txt
[2013-11-19 03:15:50,722 UTC] [tuf.libtuf] [INFO][write_metadata_file:2758@libtuf.py] Writing to /home/tlj/TUF_3_3/repository/metadata.staged/targets.txt
[2013-11-19 03:15:50,722 UTC] [tuf.libtuf] [INFO][write_metadata_file:2749@libtuf.py] gzip compression for /home/tlj/TUF_3_3/repository/metadata.staged/targets.txt
[2013-11-19 03:15:50,722 UTC] [tuf.libtuf] [INFO][write_metadata_file:2758@libtuf.py] Writing to /home/tlj/TUF_3_3/repository/metadata.staged/targets.txt.gz
[2013-11-19 03:15:50,724 UTC] [tuf.libtuf] [INFO][sign_metadata:2664@libtuf.py] Signing '/home/tlj/TUF_3_3/repository/metadata.staged/release.txt' with a12fa3db3d59fd8a116a5fc1a1e08dce50e47719e944e351c0ab5fde676cbb62
[2013-11-19 03:15:50,989 UTC] [tuf.libtuf] [INFO][write_metadata_file:2745@libtuf.py] No compression for /home/tlj/TUF_3_3/repository/metadata.staged/release.txt
[2013-11-19 03:15:50,989 UTC] [tuf.libtuf] [INFO][write_metadata_file:2758@libtuf.py] Writing to /home/tlj/TUF_3_3/repository/metadata.staged/release.txt
[2013-11-19 03:15:50,990 UTC] [tuf.libtuf] [INFO][write_metadata_file:2749@libtuf.py] gzip compression for /home/tlj/TUF_3_3/repository/metadata.staged/release.txt
[2013-11-19 03:15:50,990 UTC] [tuf.libtuf] [INFO][write_metadata_file:2758@libtuf.py] Writing to /home/tlj/TUF_3_3/repository/metadata.staged/release.txt.gz
[2013-11-19 03:15:50,991 UTC] [tuf.libtuf] [WARNING][generate_timestamp_metadata:2599@libtuf.py] Could not get fileinfo about /home/tlj/TUF_3_3/repository/metadata.staged/release.txt.
[2013-11-19 03:15:50,991 UTC] [tuf.libtuf] [INFO][generate_timestamp_metadata:2602@libtuf.py] Including fileinfo about /home/tlj/TUF_3_3/repository/metadata.staged/release.txt.gz
[2013-11-19 03:15:50,991 UTC] [tuf.libtuf] [INFO][sign_metadata:2664@libtuf.py] Signing '/home/tlj/TUF_3_3/repository/metadata.staged/timestamp.txt' with 0c5389d1c6c87f348bb162fb8db87d5475effe14fa14ca5dac01e6d0809bdbf8
[2013-11-19 03:15:51,257 UTC] [tuf.libtuf] [INFO][write_metadata_file:2745@libtuf.py] No compression for /home/tlj/TUF_3_3/repository/metadata.staged/timestamp.txt
[2013-11-19 03:15:51,258 UTC] [tuf.libtuf] [INFO][write_metadata_file:2758@libtuf.py] Writing to /home/tlj/TUF_3_3/repository/metadata.staged/timestamp.txt
