[2013-11-19 06:49:36,228 UTC] [tuf.libtuf] [INFO][create_new_repository:1757@libtuf.py] Creating '/home/eugene/assignment3.3/newtuf/repository/metadata.staged'
[2013-11-19 06:49:36,229 UTC] [tuf.libtuf] [INFO][create_new_repository:1768@libtuf.py] Creating '/home/eugene/assignment3.3/newtuf/repository/targets'
[2013-11-19 06:49:41,143 UTC] [tuf.libtuf] [INFO][sign_metadata:2664@libtuf.py] Signing '/tmp/tmpJuboFv/metadata.staged/root.txt' with ccf11c92ea79b6c0e3d4e73e43bb358318c04222717d1ef6c87ebbe58019df16
[2013-11-19 06:49:41,172 UTC] [tuf.libtuf] [INFO][sign_metadata:2664@libtuf.py] Signing '/tmp/tmpJuboFv/metadata.staged/root.txt' with 793e0fa44f0618fab08634c7f25e009416d520cbfed719c9411bf97658bde751
[2013-11-19 06:49:41,223 UTC] [tuf.libtuf] [INFO][write_metadata_file:2745@libtuf.py] No compression for /tmp/tmpJuboFv/metadata.staged/root.txt
[2013-11-19 06:49:41,223 UTC] [tuf.libtuf] [INFO][write_metadata_file:2758@libtuf.py] Writing to /tmp/tmpJuboFv/metadata.staged/root.txt
[2013-11-19 06:50:07,492 UTC] [tuf.libtuf] [INFO][sign_metadata:2664@libtuf.py] Signing '/home/eugene/assignment3.3/newtuf/repository/metadata.staged/root.txt' with ccf11c92ea79b6c0e3d4e73e43bb358318c04222717d1ef6c87ebbe58019df16
[2013-11-19 06:50:07,513 UTC] [tuf.libtuf] [INFO][sign_metadata:2664@libtuf.py] Signing '/home/eugene/assignment3.3/newtuf/repository/metadata.staged/root.txt' with 793e0fa44f0618fab08634c7f25e009416d520cbfed719c9411bf97658bde751
[2013-11-19 06:50:07,564 UTC] [tuf.libtuf] [INFO][write_metadata_file:2745@libtuf.py] No compression for /home/eugene/assignment3.3/newtuf/repository/metadata.staged/root.txt
[2013-11-19 06:50:07,564 UTC] [tuf.libtuf] [INFO][write_metadata_file:2758@libtuf.py] Writing to /home/eugene/assignment3.3/newtuf/repository/metadata.staged/root.txt
[2013-11-19 06:50:07,565 UTC] [tuf.libtuf] [INFO][sign_metadata:2664@libtuf.py] Signing '/home/eugene/assignment3.3/newtuf/repository/metadata.staged/targets.txt' with 1c3eb24b2da71c0060e83f1d04ac53bb49359bcf0955940021ddce91871abd36
[2013-11-19 06:50:07,610 UTC] [tuf.libtuf] [INFO][write_metadata_file:2745@libtuf.py] No compression for /home/eugene/assignment3.3/newtuf/repository/metadata.staged/targets.txt
[2013-11-19 06:50:07,610 UTC] [tuf.libtuf] [INFO][write_metadata_file:2758@libtuf.py] Writing to /home/eugene/assignment3.3/newtuf/repository/metadata.staged/targets.txt
[2013-11-19 06:50:07,611 UTC] [tuf.libtuf] [INFO][sign_metadata:2664@libtuf.py] Signing '/home/eugene/assignment3.3/newtuf/repository/metadata.staged/release.txt' with 4605cfd5e6c9905d9fea8a34b4f58a869eee7c5675f9158372a6cb98109b1cf1
[2013-11-19 06:50:07,653 UTC] [tuf.libtuf] [INFO][write_metadata_file:2745@libtuf.py] No compression for /home/eugene/assignment3.3/newtuf/repository/metadata.staged/release.txt
[2013-11-19 06:50:07,653 UTC] [tuf.libtuf] [INFO][write_metadata_file:2758@libtuf.py] Writing to /home/eugene/assignment3.3/newtuf/repository/metadata.staged/release.txt
[2013-11-19 06:50:07,654 UTC] [tuf.libtuf] [WARNING][generate_timestamp_metadata:2599@libtuf.py] Could not get fileinfo about /home/eugene/assignment3.3/newtuf/repository/metadata.staged/release.txt.
[2013-11-19 06:50:07,654 UTC] [tuf.libtuf] [INFO][sign_metadata:2664@libtuf.py] Signing '/home/eugene/assignment3.3/newtuf/repository/metadata.staged/timestamp.txt' with 768591f893e99529d2ea7148e8e1feb0e96d1af90f396bcdd8980e5e97ab2b98
[2013-11-19 06:50:07,697 UTC] [tuf.libtuf] [INFO][write_metadata_file:2745@libtuf.py] No compression for /home/eugene/assignment3.3/newtuf/repository/metadata.staged/timestamp.txt
[2013-11-19 06:50:07,697 UTC] [tuf.libtuf] [INFO][write_metadata_file:2758@libtuf.py] Writing to /home/eugene/assignment3.3/newtuf/repository/metadata.staged/timestamp.txt
[2013-11-19 06:50:15,501 UTC] [tuf.util] [DEBUG][load_json_file:575@util.py] open(/home/eugene/assignment3.3/newtuf/repository/metadata.staged/root.txt)
[2013-11-19 06:50:15,505 UTC] [tuf.util] [DEBUG][load_json_file:575@util.py] open(/home/eugene/assignment3.3/newtuf/repository/metadata.staged/targets.txt)
[2013-11-19 06:50:15,505 UTC] [tuf.util] [DEBUG][load_json_file:575@util.py] open(/home/eugene/assignment3.3/newtuf/repository/metadata.staged/release.txt)
[2013-11-19 06:50:15,506 UTC] [tuf.util] [DEBUG][load_json_file:575@util.py] open(/home/eugene/assignment3.3/newtuf/repository/metadata.staged/timestamp.txt)
[2013-11-19 06:50:26,484 UTC] [tuf.util] [DEBUG][load_json_file:575@util.py] open(/home/eugene/assignment3.3/newtuf/repository/metadata.staged/root.txt)
[2013-11-19 06:50:26,487 UTC] [tuf.util] [DEBUG][load_json_file:575@util.py] open(/home/eugene/assignment3.3/newtuf/repository/metadata.staged/targets.txt)
[2013-11-19 06:50:26,488 UTC] [tuf.util] [DEBUG][load_json_file:575@util.py] open(/home/eugene/assignment3.3/newtuf/repository/metadata.staged/release.txt)
[2013-11-19 06:50:26,489 UTC] [tuf.util] [DEBUG][load_json_file:575@util.py] open(/home/eugene/assignment3.3/newtuf/repository/metadata.staged/timestamp.txt)
[2013-11-19 06:50:42,735 UTC] [tuf.libtuf] [INFO][sign_metadata:2664@libtuf.py] Signing '/home/eugene/assignment3.3/newtuf/repository/metadata.staged/targets/nightly.txt' with 4069d32d4dbcffc56625f1953250aceb9a266462a9b883e623b5ea17f34741f2
[2013-11-19 06:50:42,771 UTC] [tuf.libtuf] [INFO][write_metadata_file:2745@libtuf.py] No compression for /home/eugene/assignment3.3/newtuf/repository/metadata.staged/targets/nightly.txt
[2013-11-19 06:50:42,771 UTC] [tuf.libtuf] [INFO][write_metadata_file:2758@libtuf.py] Writing to /home/eugene/assignment3.3/newtuf/repository/metadata.staged/targets/nightly.txt
[2013-11-19 06:50:42,772 UTC] [tuf.libtuf] [INFO][sign_metadata:2664@libtuf.py] Signing '/home/eugene/assignment3.3/newtuf/repository/metadata.staged/root.txt' with ccf11c92ea79b6c0e3d4e73e43bb358318c04222717d1ef6c87ebbe58019df16
[2013-11-19 06:50:42,787 UTC] [tuf.libtuf] [INFO][sign_metadata:2664@libtuf.py] Signing '/home/eugene/assignment3.3/newtuf/repository/metadata.staged/root.txt' with 793e0fa44f0618fab08634c7f25e009416d520cbfed719c9411bf97658bde751
[2013-11-19 06:50:42,856 UTC] [tuf.libtuf] [INFO][write_metadata_file:2745@libtuf.py] No compression for /home/eugene/assignment3.3/newtuf/repository/metadata.staged/root.txt
[2013-11-19 06:50:42,856 UTC] [tuf.libtuf] [INFO][write_metadata_file:2758@libtuf.py] Writing to /home/eugene/assignment3.3/newtuf/repository/metadata.staged/root.txt
[2013-11-19 06:50:43,988 UTC] [tuf.libtuf] [INFO][sign_metadata:2664@libtuf.py] Signing '/home/eugene/assignment3.3/newtuf/repository/metadata.staged/targets.txt' with 1c3eb24b2da71c0060e83f1d04ac53bb49359bcf0955940021ddce91871abd36
[2013-11-19 06:50:44,045 UTC] [tuf.libtuf] [INFO][write_metadata_file:2745@libtuf.py] No compression for /home/eugene/assignment3.3/newtuf/repository/metadata.staged/targets.txt
[2013-11-19 06:50:44,046 UTC] [tuf.libtuf] [INFO][write_metadata_file:2758@libtuf.py] Writing to /home/eugene/assignment3.3/newtuf/repository/metadata.staged/targets.txt
[2013-11-19 06:50:44,047 UTC] [tuf.libtuf] [INFO][sign_metadata:2664@libtuf.py] Signing '/home/eugene/assignment3.3/newtuf/repository/metadata.staged/release.txt' with 4605cfd5e6c9905d9fea8a34b4f58a869eee7c5675f9158372a6cb98109b1cf1
[2013-11-19 06:50:44,098 UTC] [tuf.libtuf] [INFO][write_metadata_file:2745@libtuf.py] No compression for /home/eugene/assignment3.3/newtuf/repository/metadata.staged/release.txt
[2013-11-19 06:50:44,098 UTC] [tuf.libtuf] [INFO][write_metadata_file:2758@libtuf.py] Writing to /home/eugene/assignment3.3/newtuf/repository/metadata.staged/release.txt
[2013-11-19 06:50:44,099 UTC] [tuf.libtuf] [WARNING][generate_timestamp_metadata:2599@libtuf.py] Could not get fileinfo about /home/eugene/assignment3.3/newtuf/repository/metadata.staged/release.txt.
[2013-11-19 06:50:44,099 UTC] [tuf.libtuf] [INFO][sign_metadata:2664@libtuf.py] Signing '/home/eugene/assignment3.3/newtuf/repository/metadata.staged/timestamp.txt' with 768591f893e99529d2ea7148e8e1feb0e96d1af90f396bcdd8980e5e97ab2b98
[2013-11-19 06:50:44,152 UTC] [tuf.libtuf] [INFO][write_metadata_file:2745@libtuf.py] No compression for /home/eugene/assignment3.3/newtuf/repository/metadata.staged/timestamp.txt
[2013-11-19 06:50:44,153 UTC] [tuf.libtuf] [INFO][write_metadata_file:2758@libtuf.py] Writing to /home/eugene/assignment3.3/newtuf/repository/metadata.staged/timestamp.txt
